<?xml version="1.0" encoding="UTF-8"?>
<!-- Generated by org.testng.reporters.JUnitXMLReporter -->
<testsuite hostname="Harry" name="Patients Test" tests="8" failures="0" timestamp="28 Jan 2017 16:56:24 GMT" time="9.014" errors="0">
  <testcase name="firstTestCase" time="2.004" classname="com.patients.CreatePatient"/>
  <testcase name="secondTestCase" time="1.001" classname="com.patients.CreatePatient"/>
  <testcase name="firstTestCase" time="2.0" classname="com.patients.PatientHistory"/>
  <testcase name="secondTestCase" time="0.0" classname="com.patients.PatientHistory"/>
  <testcase name="firstTestCase" time="2.0" classname="com.patients.EditPatient"/>
  <testcase name="secondTestCase" time="0.0" classname="com.patients.EditPatient"/>
  <testcase name="firstTestCase" time="2.0" classname="com.patients.PatientDetails"/>
  <testcase name="secondTestCase" time="0.001" classname="com.patients.PatientDetails"/>
</testsuite> <!-- Patients Test -->
