<?xml version="1.0" encoding="UTF-8"?>
<testng-results skipped="0" failed="0" total="8" passed="8">
  <reporter-output>
  </reporter-output>
  <suite name="Test Suite 1" duration-ms="9014" started-at="2017-01-28T16:56:15Z" finished-at="2017-01-28T16:56:24Z">
    <groups>
    </groups>
    <test name="Patients Test" duration-ms="9014" started-at="2017-01-28T16:56:15Z" finished-at="2017-01-28T16:56:24Z">
      <class name="com.patients.PatientHistory">
        <test-method status="PASS" signature="firstTestCase()[pri:0, instance:com.patients.PatientHistory@cbfb61]" name="firstTestCase" duration-ms="2000" started-at="2017-01-28T22:26:18Z" finished-at="2017-01-28T22:26:20Z">
          <reporter-output>
          </reporter-output>
        </test-method> <!-- firstTestCase -->
        <test-method status="PASS" signature="secondTestCase()[pri:0, instance:com.patients.PatientHistory@cbfb61]" name="secondTestCase" duration-ms="0" started-at="2017-01-28T22:26:20Z" finished-at="2017-01-28T22:26:20Z">
          <reporter-output>
          </reporter-output>
        </test-method> <!-- secondTestCase -->
      </class> <!-- com.patients.PatientHistory -->
      <class name="com.patients.CreatePatient">
        <test-method status="PASS" signature="firstTestCase()[pri:0, instance:com.patients.CreatePatient@8d66b2]" name="firstTestCase" duration-ms="2004" started-at="2017-01-28T22:26:15Z" finished-at="2017-01-28T22:26:17Z">
          <reporter-output>
          </reporter-output>
        </test-method> <!-- firstTestCase -->
        <test-method status="PASS" signature="secondTestCase()[pri:0, instance:com.patients.CreatePatient@8d66b2]" name="secondTestCase" duration-ms="1001" started-at="2017-01-28T22:26:17Z" finished-at="2017-01-28T22:26:18Z">
          <reporter-output>
          </reporter-output>
        </test-method> <!-- secondTestCase -->
      </class> <!-- com.patients.CreatePatient -->
      <class name="com.patients.EditPatient">
        <test-method status="PASS" signature="firstTestCase()[pri:0, instance:com.patients.EditPatient@134affc]" name="firstTestCase" duration-ms="2000" started-at="2017-01-28T22:26:20Z" finished-at="2017-01-28T22:26:22Z">
          <reporter-output>
          </reporter-output>
        </test-method> <!-- firstTestCase -->
        <test-method status="PASS" signature="secondTestCase()[pri:0, instance:com.patients.EditPatient@134affc]" name="secondTestCase" duration-ms="0" started-at="2017-01-28T22:26:22Z" finished-at="2017-01-28T22:26:22Z">
          <reporter-output>
          </reporter-output>
        </test-method> <!-- secondTestCase -->
      </class> <!-- com.patients.EditPatient -->
      <class name="com.patients.PatientDetails">
        <test-method status="PASS" signature="firstTestCase()[pri:0, instance:com.patients.PatientDetails@d041cf]" name="firstTestCase" duration-ms="2000" started-at="2017-01-28T22:26:22Z" finished-at="2017-01-28T22:26:24Z">
          <reporter-output>
          </reporter-output>
        </test-method> <!-- firstTestCase -->
        <test-method status="PASS" signature="secondTestCase()[pri:0, instance:com.patients.PatientDetails@d041cf]" name="secondTestCase" duration-ms="1" started-at="2017-01-28T22:26:24Z" finished-at="2017-01-28T22:26:24Z">
          <reporter-output>
          </reporter-output>
        </test-method> <!-- secondTestCase -->
      </class> <!-- com.patients.PatientDetails -->
    </test> <!-- Patients Test -->
  </suite> <!-- Test Suite 1 -->
</testng-results>
